2026-03-30 16:27:50 - data_ingestion.collector - INFO - 開始五感數據收集...
2026-03-30 16:27:51 - data_ingestion.body_defillama - ERROR - 计算 Body 特徵时发生错误: 'list' object has no attribute 'get'
Traceback (most recent call last):
  File "C:\Users\Kazuha\repo\poly-trader\data_ingestion\body_defillama.py", line 99, in get_body_feature
    chart = fetch_stablecoin_chart()
            ^^^^^^^^^^^^^^^^^^^^^^^^
  File "C:\Users\Kazuha\repo\poly-trader\data_ingestion\body_defillama.py", line 47, in fetch_stablecoin_chart
    return data.get("all")
           ^^^^^^^^
AttributeError: 'list' object has no attribute 'get'
2026-03-30 16:27:54 - data_ingestion.ear_polymarket - ERROR - Polymarket API 请求失败: 'list' object has no attribute 'get'
2026-03-30 16:27:54 - data_ingestion.ear_polymarket - WARNING - 未找到 Fed 相关事件
2026-03-30 16:27:54 - data_ingestion.ear_polymarket - ERROR - Polymarket API 请求失败: 'list' object has no attribute 'get'
2026-03-30 16:27:54 - data_ingestion.ear_polymarket - WARNING - Polymarket 无可用事件
2026-03-30 16:27:54 - data_ingestion.collector - INFO - 收集完成: {'_sa_instance_state': <sqlalchemy.orm.state.InstanceState object at 0x000001807AFD5C10>, 'timestamp': datetime.datetime(2026, 3, 30, 8, 27, 54, 857827), 'symbol': 'BTC/USDT', 'close_price': 67772.17, 'volume': None, 'funding_rate': 4.54e-06, 'fear_greed_index': 8, 'stablecoin_mcap': None, 'polymarket_prob': None}
2026-03-30 16:27:54 - data_ingestion.collector - INFO - Raw data 已保存，id=1
2026-03-30 16:27:54 - feature_engine.preprocessor - INFO - 開始執行特徵工程...
2026-03-30 16:27:54 - feature_engine.preprocessor - INFO - 特徵已保存: id=1
2026-03-30 16:27:54 - feature_engine.preprocessor - INFO - 特徵計算並保存完成: {'timestamp': Timestamp('2026-03-30 08:27:54.857827'), 'feat_eye_dist': None, 'feat_ear_zscore': None, 'feat_nose_sigmoid': np.float64(0.022696101775817823), 'feat_tongue_pct': np.float64(0.08), 'feat_body_roc': None}
2026-03-30 16:27:54 - model.predictor - INFO - 開始執行模型預測...
2026-03-30 16:27:54 - model.predictor - INFO - 預測完成：信心分數=0.5128, 信號=BUY
2026-03-30 16:36:29 - feature_engine.preprocessor - INFO - 開始執行特徵工程...
2026-03-30 16:36:29 - feature_engine.preprocessor - INFO - 特徵已保存: id=1
2026-03-30 16:36:29 - feature_engine.preprocessor - INFO - 特徵計算並保存完成: {'timestamp': Timestamp('2026-03-30 08:36:29.100371'), 'feat_eye_dist': None, 'feat_ear_zscore': None, 'feat_nose_sigmoid': np.float64(0.4621171572600098), 'feat_tongue_pct': np.float64(0.5), 'feat_body_roc': None}
2026-03-30 16:36:29 - model.predictor - INFO - 開始執行模型預測...
2026-03-30 16:36:29 - model.predictor - INFO - 預測完成：信心分數=0.6180, 信號=BUY
2026-03-30 16:39:35 - feature_engine.preprocessor - INFO - 開始執行特徵工程...
2026-03-30 16:39:35 - feature_engine.preprocessor - INFO - 特徵已保存: id=1
2026-03-30 16:39:35 - feature_engine.preprocessor - INFO - 特徵計算並保存完成: {'timestamp': Timestamp('2026-03-30 08:39:35.926943'), 'feat_eye_dist': None, 'feat_ear_zscore': None, 'feat_nose_sigmoid': np.float64(0.4621171572600098), 'feat_tongue_pct': np.float64(0.5), 'feat_body_roc': None}
2026-03-30 16:39:35 - model.predictor - INFO - 開始執行模型預測...
2026-03-30 16:39:35 - model.predictor - INFO - 預測完成：信心分數=0.6180, 信號=BUY
2026-03-30 16:40:42 - feature_engine.preprocessor - INFO - 開始執行特徵工程...
2026-03-30 16:40:42 - feature_engine.preprocessor - INFO - 特徵已保存: id=1
2026-03-30 16:40:42 - feature_engine.preprocessor - INFO - 特徵計算並保存完成: {'timestamp': Timestamp('2026-03-30 08:40:42.885458'), 'feat_eye_dist': None, 'feat_ear_zscore': None, 'feat_nose_sigmoid': np.float64(0.4621171572600098), 'feat_tongue_pct': np.float64(0.5), 'feat_body_roc': None}
2026-03-30 16:40:42 - model.predictor - INFO - 開始執行模型預測...
2026-03-30 16:40:42 - model.predictor - INFO - 預測完成：信心分數=0.6180, 信號=BUY
2026-03-30 16:41:35 - feature_engine.preprocessor - INFO - 開始執行特徵工程...
2026-03-30 16:41:35 - feature_engine.preprocessor - INFO - 特徵已保存: id=1
2026-03-30 16:41:35 - feature_engine.preprocessor - INFO - 特徵計算並保存完成: {'timestamp': Timestamp('2026-03-30 08:41:35.153762'), 'feat_eye_dist': None, 'feat_ear_zscore': None, 'feat_nose_sigmoid': np.float64(0.4621171572600098), 'feat_tongue_pct': np.float64(0.5), 'feat_body_roc': None}
2026-03-30 16:41:35 - model.predictor - INFO - 開始執行模型預測...
2026-03-30 16:41:35 - model.predictor - INFO - 預測完成：信心分數=0.6180, 信號=BUY
2026-03-30 16:43:13 - feature_engine.preprocessor - INFO - 開始執行特徵工程...
2026-03-30 16:43:13 - feature_engine.preprocessor - INFO - 特徵已保存: id=1
2026-03-30 16:43:13 - feature_engine.preprocessor - INFO - 特徵計算並保存完成: {'timestamp': Timestamp('2026-03-30 08:43:13.261598'), 'feat_eye_dist': None, 'feat_ear_zscore': None, 'feat_nose_sigmoid': np.float64(0.4621171572600098), 'feat_tongue_pct': np.float64(0.5), 'feat_body_roc': None}
2026-03-30 16:43:13 - model.predictor - INFO - 開始執行模型預測...
2026-03-30 16:43:13 - model.predictor - INFO - 預測完成：信心分數=0.6180, 信號=BUY
2026-03-30 16:44:06 - feature_engine.preprocessor - INFO - 開始執行特徵工程...
2026-03-30 16:44:06 - feature_engine.preprocessor - INFO - 特徵已保存: id=1
2026-03-30 16:44:06 - feature_engine.preprocessor - INFO - 特徵計算並保存完成: {'timestamp': Timestamp('2026-03-30 08:44:06.520339'), 'feat_eye_dist': None, 'feat_ear_zscore': None, 'feat_nose_sigmoid': np.float64(0.4621171572600098), 'feat_tongue_pct': np.float64(0.5), 'feat_body_roc': None}
2026-03-30 16:44:06 - model.predictor - INFO - 開始執行模型預測...
2026-03-30 16:44:06 - model.predictor - INFO - 預測完成：信心分數=0.6180, 信號=BUY
2026-03-30 17:12:21 - data_ingestion.collector - INFO - 開始五感數據收集...
2026-03-30 17:12:21 - data_ingestion.body_defillama - ERROR - 计算 Body 特徵时发生错误: 'list' object has no attribute 'get'
Traceback (most recent call last):
  File "C:\Users\Kazuha\repo\poly-trader\data_ingestion\body_defillama.py", line 99, in get_body_feature
    chart = fetch_stablecoin_chart()
            ^^^^^^^^^^^^^^^^^^^^^^^^
  File "C:\Users\Kazuha\repo\poly-trader\data_ingestion\body_defillama.py", line 47, in fetch_stablecoin_chart
    return data.get("all")
           ^^^^^^^^
AttributeError: 'list' object has no attribute 'get'
2026-03-30 17:12:24 - data_ingestion.ear_polymarket - ERROR - Polymarket API 请求失败: 'list' object has no attribute 'get'
2026-03-30 17:12:24 - data_ingestion.ear_polymarket - WARNING - 未找到 Fed 相关事件
2026-03-30 17:12:24 - data_ingestion.ear_polymarket - ERROR - Polymarket API 请求失败: 'list' object has no attribute 'get'
2026-03-30 17:12:24 - data_ingestion.ear_polymarket - WARNING - Polymarket 无可用事件
2026-03-30 17:12:24 - data_ingestion.collector - INFO - 收集完成: {'_sa_instance_state': <sqlalchemy.orm.state.InstanceState object at 0x0000011C3091FEF0>, 'timestamp': datetime.datetime(2026, 3, 30, 9, 12, 24, 689949), 'symbol': 'BTC/USDT', 'close_price': 67649.77, 'volume': None, 'funding_rate': 4.21e-06, 'fear_greed_index': 8, 'stablecoin_mcap': None, 'polymarket_prob': None}
2026-03-30 17:12:24 - data_ingestion.collector - INFO - Raw data 已保存，id=2
2026-03-30 17:12:24 - feature_engine.preprocessor - INFO - 開始執行特徵工程...
2026-03-30 17:12:24 - feature_engine.preprocessor - INFO - 特徵已保存: id=2
2026-03-30 17:12:24 - feature_engine.preprocessor - INFO - 特徵計算並保存完成: {'timestamp': Timestamp('2026-03-30 09:12:24.689949'), 'feat_eye_dist': None, 'feat_ear_zscore': None, 'feat_nose_sigmoid': np.float64(0.02104689144842009), 'feat_tongue_pct': np.float64(0.08), 'feat_body_roc': None}
2026-03-30 17:12:24 - data_ingestion.labeling - INFO - 標籤生成完成：共 2 筆，正样例比例=0.00%
2026-03-30 17:13:29 - data_ingestion.collector - INFO - 開始五感數據收集...
2026-03-30 17:13:29 - data_ingestion.body_defillama - ERROR - 计算 Body 特徵时发生错误: 'list' object has no attribute 'get'
Traceback (most recent call last):
  File "C:\Users\Kazuha\repo\poly-trader\data_ingestion\body_defillama.py", line 99, in get_body_feature
    chart = fetch_stablecoin_chart()
            ^^^^^^^^^^^^^^^^^^^^^^^^
  File "C:\Users\Kazuha\repo\poly-trader\data_ingestion\body_defillama.py", line 47, in fetch_stablecoin_chart
    return data.get("all")
           ^^^^^^^^
AttributeError: 'list' object has no attribute 'get'
2026-03-30 17:13:32 - data_ingestion.ear_polymarket - ERROR - Polymarket API 请求失败: 'list' object has no attribute 'get'
2026-03-30 17:13:32 - data_ingestion.ear_polymarket - WARNING - 未找到 Fed 相关事件
2026-03-30 17:13:32 - data_ingestion.ear_polymarket - ERROR - Polymarket API 请求失败: 'list' object has no attribute 'get'
2026-03-30 17:13:32 - data_ingestion.ear_polymarket - WARNING - Polymarket 无可用事件
2026-03-30 17:13:32 - data_ingestion.collector - INFO - 收集完成: {'_sa_instance_state': <sqlalchemy.orm.state.InstanceState object at 0x0000016FC96C2810>, 'timestamp': datetime.datetime(2026, 3, 30, 9, 13, 32, 473698), 'symbol': 'BTC/USDT', 'close_price': 67613.13, 'volume': None, 'funding_rate': 4.21e-06, 'fear_greed_index': 8, 'stablecoin_mcap': None, 'polymarket_prob': None}
2026-03-30 17:13:32 - data_ingestion.collector - INFO - Raw data 已保存，id=3
2026-03-30 17:13:32 - feature_engine.preprocessor - INFO - 開始執行特徵工程...
2026-03-30 17:13:32 - feature_engine.preprocessor - INFO - 特徵已保存: id=3
2026-03-30 17:13:32 - feature_engine.preprocessor - INFO - 特徵計算並保存完成: {'timestamp': Timestamp('2026-03-30 09:13:32.473698'), 'feat_eye_dist': None, 'feat_ear_zscore': None, 'feat_nose_sigmoid': np.float64(0.02104689144842009), 'feat_tongue_pct': np.float64(0.08), 'feat_body_roc': None}
2026-03-30 17:13:32 - data_ingestion.labeling - INFO - 標籤生成完成：共 3 筆，正样例比例=0.00%
2026-03-30 17:15:55 - data_ingestion.collector - INFO - 開始五感數據收集...
2026-03-30 17:15:56 - data_ingestion.body_defillama - ERROR - 计算 Body 特徵时发生错误: 'list' object has no attribute 'get'
Traceback (most recent call last):
  File "C:\Users\Kazuha\repo\poly-trader\data_ingestion\body_defillama.py", line 99, in get_body_feature
    chart = fetch_stablecoin_chart()
            ^^^^^^^^^^^^^^^^^^^^^^^^
  File "C:\Users\Kazuha\repo\poly-trader\data_ingestion\body_defillama.py", line 47, in fetch_stablecoin_chart
    return data.get("all")
           ^^^^^^^^
AttributeError: 'list' object has no attribute 'get'
2026-03-30 17:15:58 - data_ingestion.ear_polymarket - ERROR - Polymarket API 请求失败: 'list' object has no attribute 'get'
2026-03-30 17:15:58 - data_ingestion.ear_polymarket - WARNING - 未找到 Fed 相关事件
2026-03-30 17:15:59 - data_ingestion.ear_polymarket - ERROR - Polymarket API 请求失败: 'list' object has no attribute 'get'
2026-03-30 17:15:59 - data_ingestion.ear_polymarket - WARNING - Polymarket 无可用事件
2026-03-30 17:15:59 - data_ingestion.collector - INFO - 收集完成: {'_sa_instance_state': <sqlalchemy.orm.state.InstanceState object at 0x0000020F614E2810>, 'timestamp': datetime.datetime(2026, 3, 30, 9, 15, 59, 258182), 'symbol': 'BTC/USDT', 'close_price': 67566.7, 'volume': None, 'funding_rate': 3.97e-06, 'fear_greed_index': 8, 'stablecoin_mcap': None, 'polymarket_prob': None}
2026-03-30 17:15:59 - data_ingestion.collector - INFO - Raw data 已保存，id=4
2026-03-30 17:15:59 - feature_engine.preprocessor - INFO - 開始執行特徵工程...
2026-03-30 17:15:59 - feature_engine.preprocessor - INFO - 特徵已保存: id=4
2026-03-30 17:15:59 - feature_engine.preprocessor - INFO - 特徵計算並保存完成: {'timestamp': Timestamp('2026-03-30 09:15:59.258182'), 'feat_eye_dist': None, 'feat_ear_zscore': None, 'feat_nose_sigmoid': np.float64(0.01984739329529761), 'feat_tongue_pct': np.float64(0.08), 'feat_body_roc': None}
2026-03-30 17:15:59 - data_ingestion.labeling - INFO - 標籤生成完成：共 4 筆，正样例比例=0.00%
2026-03-30 17:17:24 - data_ingestion.collector - INFO - 開始五感數據收集...
2026-03-30 17:17:25 - data_ingestion.body_defillama - ERROR - 计算 Body 特徵时发生错误: unsupported operand type(s) for -: 'dict' and 'dict'
Traceback (most recent call last):
  File "C:\Users\Kazuha\repo\poly-trader\data_ingestion\body_defillama.py", line 108, in get_body_feature
    raw_roc, discrete = calculate_body_trend(chart)
                        ^^^^^^^^^^^^^^^^^^^^^^^^^^^
  File "C:\Users\Kazuha\repo\poly-trader\data_ingestion\body_defillama.py", line 81, in calculate_body_trend
    raw_roc = (today_usd - week_ago_usd) / week_ago_usd
               ~~~~~~~~~~^~~~~~~~~~~~~~
TypeError: unsupported operand type(s) for -: 'dict' and 'dict'
2026-03-30 17:17:27 - data_ingestion.collector - INFO - 收集完成: {'_sa_instance_state': <sqlalchemy.orm.state.InstanceState object at 0x00000120D0C764B0>, 'timestamp': datetime.datetime(2026, 3, 30, 9, 17, 27, 511076), 'symbol': 'BTC/USDT', 'close_price': 67560.98, 'volume': None, 'funding_rate': 3.97e-06, 'fear_greed_index': 8, 'stablecoin_mcap': None, 'polymarket_prob': 0.0}
2026-03-30 17:17:27 - data_ingestion.collector - INFO - Raw data 已保存，id=5
2026-03-30 17:17:27 - feature_engine.preprocessor - INFO - 開始執行特徵工程...
2026-03-30 17:17:27 - feature_engine.preprocessor - INFO - 特徵已保存: id=5
2026-03-30 17:17:27 - feature_engine.preprocessor - INFO - 特徵計算並保存完成: {'timestamp': Timestamp('2026-03-30 09:17:27.511076'), 'feat_eye_dist': None, 'feat_ear_zscore': None, 'feat_nose_sigmoid': np.float64(0.01984739329529761), 'feat_tongue_pct': np.float64(0.08), 'feat_body_roc': None}
2026-03-30 17:17:27 - data_ingestion.labeling - INFO - 標籤生成完成：共 5 筆，正样例比例=0.00%
